<?xml version="1.0" encoding="UTF-8"?>
<testsuite xmlns:xsi="http://www.w3.org/2001/XMLSchema-instance" xsi:noNamespaceSchemaLocation="https://maven.apache.org/surefire/maven-surefire-plugin/xsd/surefire-test-report-3.0.xsd" version="3.0" name="com.github.sekkycodes.testresultserver.TestresultserverApplicationIT" time="0.035" tests="1" errors="0" skipped="0" failures="0">
  <properties>
    <property name="java.version" value="11.0.4"/>
    <property name="PID" value="1676"/>
  </properties>
  <testcase name="contextLoads" classname="com.github.sekkycodes.testresultserver.TestresultserverApplicationIT" time="0.008">
    <system-out><![CDATA[2021-02-06 09:22:15.473  INFO 1676 --- [           main] .b.t.c.SpringBootTestContextBootstrapper : Neither @ContextConfiguration nor @ContextHierarchy found for test class [com.github.sekkycodes.testresultserver.TestresultserverApplicationIT], using SpringBootContextLoader
2021-02-06 09:22:15.475  INFO 1676 --- [           main] o.s.t.c.support.AbstractContextLoader    : Could not detect default resource locations for test class [com.github.sekkycodes.testresultserver.TestresultserverApplicationIT]: no resource found for suffixes {-context.xml, Context.groovy}.
2021-02-06 09:22:15.477  INFO 1676 --- [           main] t.c.s.AnnotationConfigContextLoaderUtils : Could not detect default configuration classes for test class [com.github.sekkycodes.testresultserver.TestresultserverApplicationIT]: TestresultserverApplicationIT does not declare any static, non-private, non-final, nested classes annotated with @Configuration.
2021-02-06 09:22:15.488  INFO 1676 --- [           main] .b.t.c.SpringBootTestContextBootstrapper : Found @SpringBootConfiguration com.github.sekkycodes.testresultserver.TestresultserverApplication for test class com.github.sekkycodes.testresultserver.TestresultserverApplicationIT
2021-02-06 09:22:15.490  INFO 1676 --- [           main] .b.t.c.SpringBootTestContextBootstrapper : Loaded default TestExecutionListener class names from location [META-INF/spring.factories]: [org.springframework.boot.test.mock.mockito.MockitoTestExecutionListener, org.springframework.boot.test.mock.mockito.ResetMocksTestExecutionListener, org.springframework.boot.test.autoconfigure.restdocs.RestDocsTestExecutionListener, org.springframework.boot.test.autoconfigure.web.client.MockRestServiceServerResetTestExecutionListener, org.springframework.boot.test.autoconfigure.web.servlet.MockMvcPrintOnlyOnFailureTestExecutionListener, org.springframework.boot.test.autoconfigure.web.servlet.WebDriverTestExecutionListener, org.springframework.boot.test.autoconfigure.webservices.client.MockWebServiceServerTestExecutionListener, org.springframework.test.context.web.ServletTestExecutionListener, org.springframework.test.context.support.DirtiesContextBeforeModesTestExecutionListener, org.springframework.test.context.event.ApplicationEventsTestExecutionListener, org.springframework.test.context.support.DependencyInjectionTestExecutionListener, org.springframework.test.context.support.DirtiesContextTestExecutionListener, org.springframework.test.context.transaction.TransactionalTestExecutionListener, org.springframework.test.context.jdbc.SqlScriptsTestExecutionListener, org.springframework.test.context.event.EventPublishingTestExecutionListener]
2021-02-06 09:22:15.494  INFO 1676 --- [           main] .b.t.c.SpringBootTestContextBootstrapper : Using TestExecutionListeners: [org.springframework.test.context.support.DirtiesContextBeforeModesTestExecutionListener@2cf99a51, org.springframework.test.context.event.ApplicationEventsTestExecutionListener@7553aa41, org.springframework.boot.test.mock.mockito.MockitoTestExecutionListener@1241f4a6, org.springframework.boot.test.autoconfigure.SpringBootDependencyInjectionTestExecutionListener@5c56c5c6, org.springframework.test.context.support.DirtiesContextTestExecutionListener@3c9de70f, org.springframework.test.context.transaction.TransactionalTestExecutionListener@5474437f, org.springframework.test.context.jdbc.SqlScriptsTestExecutionListener@490d7993, org.springframework.test.context.event.EventPublishingTestExecutionListener@231ffd81, org.springframework.boot.test.mock.mockito.ResetMocksTestExecutionListener@7069c372, org.springframework.boot.test.autoconfigure.restdocs.RestDocsTestExecutionListener@67009bb, org.springframework.boot.test.autoconfigure.web.client.MockRestServiceServerResetTestExecutionListener@24933907, org.springframework.boot.test.autoconfigure.web.servlet.MockMvcPrintOnlyOnFailureTestExecutionListener@78bc2be1, org.springframework.boot.test.autoconfigure.web.servlet.WebDriverTestExecutionListener@467005d7, org.springframework.boot.test.autoconfigure.webservices.client.MockWebServiceServerTestExecutionListener@404bf173]
]]></system-out>
  </testcase>
</testsuite>